<?xml version="1.0" encoding="UTF-8"?>
<testng-results skipped="0" failed="0" total="1" passed="1">
  <reporter-output>
  </reporter-output>
  <suite name="Surefire suite" duration-ms="272" started-at="2018-04-09T17:10:30Z" finished-at="2018-04-09T17:10:30Z">
    <groups>
    </groups>
    <test name="Surefire test" duration-ms="272" started-at="2018-04-09T17:10:30Z" finished-at="2018-04-09T17:10:30Z">
      <class name="pmsAutomation.MicroServicesTest">
        <test-method status="PASS" signature="initServer()[pri:0, instance:pmsAutomation.MicroServicesTest@15975490]" name="initServer" is-config="true" duration-ms="351" started-at="2018-04-09T12:10:30Z" finished-at="2018-04-09T12:10:30Z">
          <reporter-output>
          </reporter-output>
        </test-method> <!-- initServer -->
        <test-method status="PASS" signature="greetingTest(java.lang.String, com.google.protobuf.ProtocolStringList, java.util.Map)[pri:0, instance:pmsAutomation.MicroServicesTest@15975490]" name="greetingTest" duration-ms="267" started-at="2018-04-09T12:10:30Z" data-provider="getInfoGreeting" finished-at="2018-04-09T12:10:30Z">
          <params>
            <param index="0">
              <value>
                <![CDATA[Sergio]]>
              </value>
            </param>
            <param index="1">
              <value>
                <![CDATA[[chess, comics]]]>
              </value>
            </param>
            <param index="2">
              <value>
                <![CDATA[{Trick1=magic!}]]>
              </value>
            </param>
          </params>
          <reporter-output>
          </reporter-output>
        </test-method> <!-- greetingTest -->
        <test-method status="PASS" signature="stopServer()[pri:0, instance:pmsAutomation.MicroServicesTest@15975490]" name="stopServer" is-config="true" duration-ms="1" started-at="2018-04-09T12:10:30Z" finished-at="2018-04-09T12:10:30Z">
          <reporter-output>
          </reporter-output>
        </test-method> <!-- stopServer -->
      </class> <!-- pmsAutomation.MicroServicesTest -->
    </test> <!-- Surefire test -->
  </suite> <!-- Surefire suite -->
</testng-results>
