<?xml version="1.0" encoding="UTF-8"?>
<testng-results skipped="0" failed="0" total="1" passed="1">
  <reporter-output>
  </reporter-output>
  <suite name="Default suite" duration-ms="288" started-at="2018-04-09T16:47:59Z" finished-at="2018-04-09T16:48:00Z">
    <groups>
    </groups>
    <test name="Default test" duration-ms="288" started-at="2018-04-09T16:47:59Z" finished-at="2018-04-09T16:48:00Z">
      <class name="pmsAutomation.MicroServicesTest">
        <test-method status="PASS" signature="initServer()[pri:0, instance:pmsAutomation.MicroServicesTest@4b9e13df]" name="initServer" is-config="true" duration-ms="381" started-at="2018-04-09T11:47:59Z" finished-at="2018-04-09T11:47:59Z">
          <reporter-output>
          </reporter-output>
        </test-method> <!-- initServer -->
        <test-method status="PASS" signature="greetingTest(java.lang.String, com.google.protobuf.ProtocolStringList, java.util.Map)[pri:0, instance:pmsAutomation.MicroServicesTest@4b9e13df]" name="greetingTest" duration-ms="280" started-at="2018-04-09T11:47:59Z" data-provider="getInfoGreeting" finished-at="2018-04-09T11:48:00Z">
          <params>
            <param index="0">
              <value>
                <![CDATA[Sergio]]>
              </value>
            </param>
            <param index="1">
              <value>
                <![CDATA[[chess, comics]]]>
              </value>
            </param>
            <param index="2">
              <value>
                <![CDATA[{Trick1=magic!}]]>
              </value>
            </param>
          </params>
          <reporter-output>
          </reporter-output>
        </test-method> <!-- greetingTest -->
        <test-method status="PASS" signature="stopServer()[pri:0, instance:pmsAutomation.MicroServicesTest@4b9e13df]" name="stopServer" is-config="true" duration-ms="1" started-at="2018-04-09T11:48:00Z" finished-at="2018-04-09T11:48:00Z">
          <reporter-output>
          </reporter-output>
        </test-method> <!-- stopServer -->
      </class> <!-- pmsAutomation.MicroServicesTest -->
    </test> <!-- Default test -->
  </suite> <!-- Default suite -->
</testng-results>
